<!DOCTYPE html>
<html>
  <head>
    <meta charset="utf-8"/>
    <title>--html=report.html</title>
    <link href="assets/style.css" rel="stylesheet" type="text/css"/></head>
  <body onLoad="init()">
    <script>/* This Source Code Form is subject to the terms of the Mozilla Public
 * License, v. 2.0. If a copy of the MPL was not distributed with this file,
 * You can obtain one at http://mozilla.org/MPL/2.0/. */


function toArray(iter) {
    if (iter === null) {
        return null;
    }
    return Array.prototype.slice.call(iter);
}

function find(selector, elem) { // eslint-disable-line no-redeclare
    if (!elem) {
        elem = document;
    }
    return elem.querySelector(selector);
}

function findAll(selector, elem) {
    if (!elem) {
        elem = document;
    }
    return toArray(elem.querySelectorAll(selector));
}

function sortColumn(elem) {
    toggleSortStates(elem);
    const colIndex = toArray(elem.parentNode.childNodes).indexOf(elem);
    let key;
    if (elem.classList.contains('result')) {
        key = keyResult;
    } else if (elem.classList.contains('links')) {
        key = keyLink;
    } else {
        key = keyAlpha;
    }
    sortTable(elem, key(colIndex));
}

function showAllExtras() { // eslint-disable-line no-unused-vars
    findAll('.col-result').forEach(showExtras);
}

function hideAllExtras() { // eslint-disable-line no-unused-vars
    findAll('.col-result').forEach(hideExtras);
}

function showExtras(colresultElem) {
    const extras = colresultElem.parentNode.nextElementSibling;
    const expandcollapse = colresultElem.firstElementChild;
    extras.classList.remove('collapsed');
    expandcollapse.classList.remove('expander');
    expandcollapse.classList.add('collapser');
}

function hideExtras(colresultElem) {
    const extras = colresultElem.parentNode.nextElementSibling;
    const expandcollapse = colresultElem.firstElementChild;
    extras.classList.add('collapsed');
    expandcollapse.classList.remove('collapser');
    expandcollapse.classList.add('expander');
}

function showFilters() {
    let visibleString = getQueryParameter('visible') || 'all';
    visibleString = visibleString.toLowerCase();
    const checkedItems = visibleString.split(',');

    const filterItems = document.getElementsByClassName('filter');
    for (let i = 0; i < filterItems.length; i++) {
        filterItems[i].hidden = false;

        if (visibleString != 'all') {
            filterItems[i].checked = checkedItems.includes(filterItems[i].getAttribute('data-test-result'));
            filterTable(filterItems[i]);
        }
    }
}

function addCollapse() {
    // Add links for show/hide all
    const resulttable = find('table#results-table');
    const showhideall = document.createElement('p');
    showhideall.innerHTML = '<a href="javascript:showAllExtras()">Show all details</a> / ' +
                            '<a href="javascript:hideAllExtras()">Hide all details</a>';
    resulttable.parentElement.insertBefore(showhideall, resulttable);

    // Add show/hide link to each result
    findAll('.col-result').forEach(function(elem) {
        const collapsed = getQueryParameter('collapsed') || 'Passed';
        const extras = elem.parentNode.nextElementSibling;
        const expandcollapse = document.createElement('span');
        if (extras.classList.contains('collapsed')) {
            expandcollapse.classList.add('expander');
        } else if (collapsed.includes(elem.innerHTML)) {
            extras.classList.add('collapsed');
            expandcollapse.classList.add('expander');
        } else {
            expandcollapse.classList.add('collapser');
        }
        elem.appendChild(expandcollapse);

        elem.addEventListener('click', function(event) {
            if (event.currentTarget.parentNode.nextElementSibling.classList.contains('collapsed')) {
                showExtras(event.currentTarget);
            } else {
                hideExtras(event.currentTarget);
            }
        });
    });
}

function getQueryParameter(name) {
    const match = RegExp('[?&]' + name + '=([^&]*)').exec(window.location.search);
    return match && decodeURIComponent(match[1].replace(/\+/g, ' '));
}

function init () { // eslint-disable-line no-unused-vars
    resetSortHeaders();

    addCollapse();

    showFilters();

    sortColumn(find('.initial-sort'));

    findAll('.sortable').forEach(function(elem) {
        elem.addEventListener('click',
            function() {
                sortColumn(elem);
            }, false);
    });
}

function sortTable(clicked, keyFunc) {
    const rows = findAll('.results-table-row');
    const reversed = !clicked.classList.contains('asc');
    const sortedRows = sort(rows, keyFunc, reversed);
    /* Whole table is removed here because browsers acts much slower
     * when appending existing elements.
     */
    const thead = document.getElementById('results-table-head');
    document.getElementById('results-table').remove();
    const parent = document.createElement('table');
    parent.id = 'results-table';
    parent.appendChild(thead);
    sortedRows.forEach(function(elem) {
        parent.appendChild(elem);
    });
    document.getElementsByTagName('BODY')[0].appendChild(parent);
}

function sort(items, keyFunc, reversed) {
    const sortArray = items.map(function(item, i) {
        return [keyFunc(item), i];
    });

    sortArray.sort(function(a, b) {
        const keyA = a[0];
        const keyB = b[0];

        if (keyA == keyB) return 0;

        if (reversed) {
            return keyA < keyB ? 1 : -1;
        } else {
            return keyA > keyB ? 1 : -1;
        }
    });

    return sortArray.map(function(item) {
        const index = item[1];
        return items[index];
    });
}

function keyAlpha(colIndex) {
    return function(elem) {
        return elem.childNodes[1].childNodes[colIndex].firstChild.data.toLowerCase();
    };
}

function keyLink(colIndex) {
    return function(elem) {
        const dataCell = elem.childNodes[1].childNodes[colIndex].firstChild;
        return dataCell == null ? '' : dataCell.innerText.toLowerCase();
    };
}

function keyResult(colIndex) {
    return function(elem) {
        const strings = ['Error', 'Failed', 'Rerun', 'XFailed', 'XPassed',
            'Skipped', 'Passed'];
        return strings.indexOf(elem.childNodes[1].childNodes[colIndex].firstChild.data);
    };
}

function resetSortHeaders() {
    findAll('.sort-icon').forEach(function(elem) {
        elem.parentNode.removeChild(elem);
    });
    findAll('.sortable').forEach(function(elem) {
        const icon = document.createElement('div');
        icon.className = 'sort-icon';
        icon.textContent = 'vvv';
        elem.insertBefore(icon, elem.firstChild);
        elem.classList.remove('desc', 'active');
        elem.classList.add('asc', 'inactive');
    });
}

function toggleSortStates(elem) {
    //if active, toggle between asc and desc
    if (elem.classList.contains('active')) {
        elem.classList.toggle('asc');
        elem.classList.toggle('desc');
    }

    //if inactive, reset all other functions and add ascending active
    if (elem.classList.contains('inactive')) {
        resetSortHeaders();
        elem.classList.remove('inactive');
        elem.classList.add('active');
    }
}

function isAllRowsHidden(value) {
    return value.hidden == false;
}

function filterTable(elem) { // eslint-disable-line no-unused-vars
    const outcomeAtt = 'data-test-result';
    const outcome = elem.getAttribute(outcomeAtt);
    const classOutcome = outcome + ' results-table-row';
    const outcomeRows = document.getElementsByClassName(classOutcome);

    for(let i = 0; i < outcomeRows.length; i++){
        outcomeRows[i].hidden = !elem.checked;
    }

    const rows = findAll('.results-table-row').filter(isAllRowsHidden);
    const allRowsHidden = rows.length == 0 ? true : false;
    const notFoundMessage = document.getElementById('not-found-message');
    notFoundMessage.hidden = !allRowsHidden;
}
</script>
    <h1>--html=report.html</h1>
    <p>Report generated on 15-Nov-2022 at 20:12:20 by <a href="https://pypi.python.org/pypi/pytest-html">pytest-html</a> v3.2.0</p>
    <h2>Environment</h2>
    <table id="environment">
      <tr>
        <td>Packages</td>
        <td>{"pluggy": "1.0.0", "pytest": "7.2.0"}</td></tr>
      <tr>
        <td>Platform</td>
        <td>Linux-5.15.0-52-generic-x86_64-with-glibc2.35</td></tr>
      <tr>
        <td>Plugins</td>
        <td>{"html": "3.2.0", "metadata": "2.0.4"}</td></tr>
      <tr>
        <td>Python</td>
        <td>3.10.6</td></tr></table>
    <h2>Summary</h2>
    <p>1 tests ran in 30.97 seconds. </p>
    <p class="filter" hidden="true">(Un)check the boxes to filter the results.</p><input checked="true" class="filter" data-test-result="passed" hidden="true" name="filter_checkbox" onChange="filterTable(this)" type="checkbox"/><span class="passed">1 passed</span>, <input checked="true" class="filter" data-test-result="skipped" disabled="true" hidden="true" name="filter_checkbox" onChange="filterTable(this)" type="checkbox"/><span class="skipped">0 skipped</span>, <input checked="true" class="filter" data-test-result="failed" disabled="true" hidden="true" name="filter_checkbox" onChange="filterTable(this)" type="checkbox"/><span class="failed">0 failed</span>, <input checked="true" class="filter" data-test-result="error" disabled="true" hidden="true" name="filter_checkbox" onChange="filterTable(this)" type="checkbox"/><span class="error">0 errors</span>, <input checked="true" class="filter" data-test-result="xfailed" disabled="true" hidden="true" name="filter_checkbox" onChange="filterTable(this)" type="checkbox"/><span class="xfailed">0 expected failures</span>, <input checked="true" class="filter" data-test-result="xpassed" disabled="true" hidden="true" name="filter_checkbox" onChange="filterTable(this)" type="checkbox"/><span class="xpassed">0 unexpected passes</span>
    <h2>Results</h2>
    <table id="results-table">
      <thead id="results-table-head">
        <tr>
          <th class="sortable result initial-sort" col="result">Result</th>
          <th class="sortable" col="name">Test</th>
          <th class="sortable" col="duration">Duration</th>
          <th class="sortable links" col="links">Links</th></tr>
        <tr hidden="true" id="not-found-message">
          <th colspan="4">No results found. Try to check the filters</th></tr></thead>
      <tbody class="passed results-table-row">
        <tr>
          <td class="col-result">Passed</td>
          <td class="col-name">tests/test_e2e.py::TestOne::test_e2e</td>
          <td class="col-duration">30.94</td>
          <td class="col-links"></td></tr>
        <tr>
          <td class="extra" colspan="4">
            <div class="log"> ------------------------------Captured stderr call------------------------------ <br/>--- Logging error ---
Traceback (most recent call last):
  File &quot;/usr/lib/python3.10/logging/__init__.py&quot;, line 1100, in emit
    msg = self.format(record)
  File &quot;/usr/lib/python3.10/logging/__init__.py&quot;, line 943, in format
    return fmt.format(record)
  File &quot;/usr/lib/python3.10/logging/__init__.py&quot;, line 681, in format
    s = self.formatMessage(record)
  File &quot;/usr/lib/python3.10/logging/__init__.py&quot;, line 650, in formatMessage
    return self._style.format(record)
  File &quot;/usr/lib/python3.10/logging/__init__.py&quot;, line 440, in format
    return self._format(record)
  File &quot;/usr/lib/python3.10/logging/__init__.py&quot;, line 436, in _format
    return self._fmt % values
ValueError: unsupported format character &#x27;:&#x27; (0x3a) at index 11
Call stack:
  File &quot;/home/wiktor/PycharmProjects/olxTEST/venv/bin/py.test&quot;, line 8, in &lt;module&gt;
    sys.exit(console_main())
  File &quot;/home/wiktor/PycharmProjects/olxTEST/venv/lib/python3.10/site-packages/_pytest/config/__init__.py&quot;, line 190, in console_main
    code = main()
  File &quot;/home/wiktor/PycharmProjects/olxTEST/venv/lib/python3.10/site-packages/_pytest/config/__init__.py&quot;, line 167, in main
    ret: Union[ExitCode, int] = config.hook.pytest_cmdline_main(
  File &quot;/home/wiktor/PycharmProjects/olxTEST/venv/lib/python3.10/site-packages/pluggy/_hooks.py&quot;, line 265, in __call__
    return self._hookexec(self.name, self.get_hookimpls(), kwargs, firstresult)
  File &quot;/home/wiktor/PycharmProjects/olxTEST/venv/lib/python3.10/site-packages/pluggy/_manager.py&quot;, line 80, in _hookexec
    return self._inner_hookexec(hook_name, methods, kwargs, firstresult)
  File &quot;/home/wiktor/PycharmProjects/olxTEST/venv/lib/python3.10/site-packages/pluggy/_callers.py&quot;, line 39, in _multicall
    res = hook_impl.function(*args)
  File &quot;/home/wiktor/PycharmProjects/olxTEST/venv/lib/python3.10/site-packages/_pytest/main.py&quot;, line 317, in pytest_cmdline_main
    return wrap_session(config, _main)
  File &quot;/home/wiktor/PycharmProjects/olxTEST/venv/lib/python3.10/site-packages/_pytest/main.py&quot;, line 270, in wrap_session
    session.exitstatus = doit(config, session) or 0
  File &quot;/home/wiktor/PycharmProjects/olxTEST/venv/lib/python3.10/site-packages/_pytest/main.py&quot;, line 324, in _main
    config.hook.pytest_runtestloop(session=session)
  File &quot;/home/wiktor/PycharmProjects/olxTEST/venv/lib/python3.10/site-packages/pluggy/_hooks.py&quot;, line 265, in __call__
    return self._hookexec(self.name, self.get_hookimpls(), kwargs, firstresult)
  File &quot;/home/wiktor/PycharmProjects/olxTEST/venv/lib/python3.10/site-packages/pluggy/_manager.py&quot;, line 80, in _hookexec
    return self._inner_hookexec(hook_name, methods, kwargs, firstresult)
  File &quot;/home/wiktor/PycharmProjects/olxTEST/venv/lib/python3.10/site-packages/pluggy/_callers.py&quot;, line 39, in _multicall
    res = hook_impl.function(*args)
  File &quot;/home/wiktor/PycharmProjects/olxTEST/venv/lib/python3.10/site-packages/_pytest/main.py&quot;, line 349, in pytest_runtestloop
    item.config.hook.pytest_runtest_protocol(item=item, nextitem=nextitem)
  File &quot;/home/wiktor/PycharmProjects/olxTEST/venv/lib/python3.10/site-packages/pluggy/_hooks.py&quot;, line 265, in __call__
    return self._hookexec(self.name, self.get_hookimpls(), kwargs, firstresult)
  File &quot;/home/wiktor/PycharmProjects/olxTEST/venv/lib/python3.10/site-packages/pluggy/_manager.py&quot;, line 80, in _hookexec
    return self._inner_hookexec(hook_name, methods, kwargs, firstresult)
  File &quot;/home/wiktor/PycharmProjects/olxTEST/venv/lib/python3.10/site-packages/pluggy/_callers.py&quot;, line 39, in _multicall
    res = hook_impl.function(*args)
  File &quot;/home/wiktor/PycharmProjects/olxTEST/venv/lib/python3.10/site-packages/_pytest/runner.py&quot;, line 112, in pytest_runtest_protocol
    runtestprotocol(item, nextitem=nextitem)
  File &quot;/home/wiktor/PycharmProjects/olxTEST/venv/lib/python3.10/site-packages/_pytest/runner.py&quot;, line 131, in runtestprotocol
    reports.append(call_and_report(item, &quot;call&quot;, log))
  File &quot;/home/wiktor/PycharmProjects/olxTEST/venv/lib/python3.10/site-packages/_pytest/runner.py&quot;, line 220, in call_and_report
    call = call_runtest_hook(item, when, **kwds)
  File &quot;/home/wiktor/PycharmProjects/olxTEST/venv/lib/python3.10/site-packages/_pytest/runner.py&quot;, line 259, in call_runtest_hook
    return CallInfo.from_call(
  File &quot;/home/wiktor/PycharmProjects/olxTEST/venv/lib/python3.10/site-packages/_pytest/runner.py&quot;, line 339, in from_call
    result: Optional[TResult] = func()
  File &quot;/home/wiktor/PycharmProjects/olxTEST/venv/lib/python3.10/site-packages/_pytest/runner.py&quot;, line 260, in &lt;lambda&gt;
    lambda: ihook(item=item, **kwds), when=when, reraise=reraise
  File &quot;/home/wiktor/PycharmProjects/olxTEST/venv/lib/python3.10/site-packages/pluggy/_hooks.py&quot;, line 265, in __call__
    return self._hookexec(self.name, self.get_hookimpls(), kwargs, firstresult)
  File &quot;/home/wiktor/PycharmProjects/olxTEST/venv/lib/python3.10/site-packages/pluggy/_manager.py&quot;, line 80, in _hookexec
    return self._inner_hookexec(hook_name, methods, kwargs, firstresult)
  File &quot;/home/wiktor/PycharmProjects/olxTEST/venv/lib/python3.10/site-packages/pluggy/_callers.py&quot;, line 39, in _multicall
    res = hook_impl.function(*args)
  File &quot;/home/wiktor/PycharmProjects/olxTEST/venv/lib/python3.10/site-packages/_pytest/runner.py&quot;, line 167, in pytest_runtest_call
    item.runtest()
  File &quot;/home/wiktor/PycharmProjects/olxTEST/venv/lib/python3.10/site-packages/_pytest/python.py&quot;, line 1789, in runtest
    self.ihook.pytest_pyfunc_call(pyfuncitem=self)
  File &quot;/home/wiktor/PycharmProjects/olxTEST/venv/lib/python3.10/site-packages/pluggy/_hooks.py&quot;, line 265, in __call__
    return self._hookexec(self.name, self.get_hookimpls(), kwargs, firstresult)
  File &quot;/home/wiktor/PycharmProjects/olxTEST/venv/lib/python3.10/site-packages/pluggy/_manager.py&quot;, line 80, in _hookexec
    return self._inner_hookexec(hook_name, methods, kwargs, firstresult)
  File &quot;/home/wiktor/PycharmProjects/olxTEST/venv/lib/python3.10/site-packages/pluggy/_callers.py&quot;, line 39, in _multicall
    res = hook_impl.function(*args)
  File &quot;/home/wiktor/PycharmProjects/olxTEST/venv/lib/python3.10/site-packages/_pytest/python.py&quot;, line 195, in pytest_pyfunc_call
    result = testfunction(**testargs)
  File &quot;/home/wiktor/PycharmProjects/olxTEST/tests/test_e2e.py&quot;, line 14, in test_e2e
    log.info(&quot;Getting all product cards&quot;)
Message: &#x27;Getting all product cards&#x27;
Arguments: ()
--- Logging error ---
Traceback (most recent call last):
  File &quot;/usr/lib/python3.10/logging/__init__.py&quot;, line 1100, in emit
    msg = self.format(record)
  File &quot;/usr/lib/python3.10/logging/__init__.py&quot;, line 943, in format
    return fmt.format(record)
  File &quot;/usr/lib/python3.10/logging/__init__.py&quot;, line 681, in format
    s = self.formatMessage(record)
  File &quot;/usr/lib/python3.10/logging/__init__.py&quot;, line 650, in formatMessage
    return self._style.format(record)
  File &quot;/usr/lib/python3.10/logging/__init__.py&quot;, line 440, in format
    return self._format(record)
  File &quot;/usr/lib/python3.10/logging/__init__.py&quot;, line 436, in _format
    return self._fmt % values
ValueError: unsupported format character &#x27;:&#x27; (0x3a) at index 11
Call stack:
  File &quot;/home/wiktor/PycharmProjects/olxTEST/venv/bin/py.test&quot;, line 8, in &lt;module&gt;
    sys.exit(console_main())
  File &quot;/home/wiktor/PycharmProjects/olxTEST/venv/lib/python3.10/site-packages/_pytest/config/__init__.py&quot;, line 190, in console_main
    code = main()
  File &quot;/home/wiktor/PycharmProjects/olxTEST/venv/lib/python3.10/site-packages/_pytest/config/__init__.py&quot;, line 167, in main
    ret: Union[ExitCode, int] = config.hook.pytest_cmdline_main(
  File &quot;/home/wiktor/PycharmProjects/olxTEST/venv/lib/python3.10/site-packages/pluggy/_hooks.py&quot;, line 265, in __call__
    return self._hookexec(self.name, self.get_hookimpls(), kwargs, firstresult)
  File &quot;/home/wiktor/PycharmProjects/olxTEST/venv/lib/python3.10/site-packages/pluggy/_manager.py&quot;, line 80, in _hookexec
    return self._inner_hookexec(hook_name, methods, kwargs, firstresult)
  File &quot;/home/wiktor/PycharmProjects/olxTEST/venv/lib/python3.10/site-packages/pluggy/_callers.py&quot;, line 39, in _multicall
    res = hook_impl.function(*args)
  File &quot;/home/wiktor/PycharmProjects/olxTEST/venv/lib/python3.10/site-packages/_pytest/main.py&quot;, line 317, in pytest_cmdline_main
    return wrap_session(config, _main)
  File &quot;/home/wiktor/PycharmProjects/olxTEST/venv/lib/python3.10/site-packages/_pytest/main.py&quot;, line 270, in wrap_session
    session.exitstatus = doit(config, session) or 0
  File &quot;/home/wiktor/PycharmProjects/olxTEST/venv/lib/python3.10/site-packages/_pytest/main.py&quot;, line 324, in _main
    config.hook.pytest_runtestloop(session=session)
  File &quot;/home/wiktor/PycharmProjects/olxTEST/venv/lib/python3.10/site-packages/pluggy/_hooks.py&quot;, line 265, in __call__
    return self._hookexec(self.name, self.get_hookimpls(), kwargs, firstresult)
  File &quot;/home/wiktor/PycharmProjects/olxTEST/venv/lib/python3.10/site-packages/pluggy/_manager.py&quot;, line 80, in _hookexec
    return self._inner_hookexec(hook_name, methods, kwargs, firstresult)
  File &quot;/home/wiktor/PycharmProjects/olxTEST/venv/lib/python3.10/site-packages/pluggy/_callers.py&quot;, line 39, in _multicall
    res = hook_impl.function(*args)
  File &quot;/home/wiktor/PycharmProjects/olxTEST/venv/lib/python3.10/site-packages/_pytest/main.py&quot;, line 349, in pytest_runtestloop
    item.config.hook.pytest_runtest_protocol(item=item, nextitem=nextitem)
  File &quot;/home/wiktor/PycharmProjects/olxTEST/venv/lib/python3.10/site-packages/pluggy/_hooks.py&quot;, line 265, in __call__
    return self._hookexec(self.name, self.get_hookimpls(), kwargs, firstresult)
  File &quot;/home/wiktor/PycharmProjects/olxTEST/venv/lib/python3.10/site-packages/pluggy/_manager.py&quot;, line 80, in _hookexec
    return self._inner_hookexec(hook_name, methods, kwargs, firstresult)
  File &quot;/home/wiktor/PycharmProjects/olxTEST/venv/lib/python3.10/site-packages/pluggy/_callers.py&quot;, line 39, in _multicall
    res = hook_impl.function(*args)
  File &quot;/home/wiktor/PycharmProjects/olxTEST/venv/lib/python3.10/site-packages/_pytest/runner.py&quot;, line 112, in pytest_runtest_protocol
    runtestprotocol(item, nextitem=nextitem)
  File &quot;/home/wiktor/PycharmProjects/olxTEST/venv/lib/python3.10/site-packages/_pytest/runner.py&quot;, line 131, in runtestprotocol
    reports.append(call_and_report(item, &quot;call&quot;, log))
  File &quot;/home/wiktor/PycharmProjects/olxTEST/venv/lib/python3.10/site-packages/_pytest/runner.py&quot;, line 220, in call_and_report
    call = call_runtest_hook(item, when, **kwds)
  File &quot;/home/wiktor/PycharmProjects/olxTEST/venv/lib/python3.10/site-packages/_pytest/runner.py&quot;, line 259, in call_runtest_hook
    return CallInfo.from_call(
  File &quot;/home/wiktor/PycharmProjects/olxTEST/venv/lib/python3.10/site-packages/_pytest/runner.py&quot;, line 339, in from_call
    result: Optional[TResult] = func()
  File &quot;/home/wiktor/PycharmProjects/olxTEST/venv/lib/python3.10/site-packages/_pytest/runner.py&quot;, line 260, in &lt;lambda&gt;
    lambda: ihook(item=item, **kwds), when=when, reraise=reraise
  File &quot;/home/wiktor/PycharmProjects/olxTEST/venv/lib/python3.10/site-packages/pluggy/_hooks.py&quot;, line 265, in __call__
    return self._hookexec(self.name, self.get_hookimpls(), kwargs, firstresult)
  File &quot;/home/wiktor/PycharmProjects/olxTEST/venv/lib/python3.10/site-packages/pluggy/_manager.py&quot;, line 80, in _hookexec
    return self._inner_hookexec(hook_name, methods, kwargs, firstresult)
  File &quot;/home/wiktor/PycharmProjects/olxTEST/venv/lib/python3.10/site-packages/pluggy/_callers.py&quot;, line 39, in _multicall
    res = hook_impl.function(*args)
  File &quot;/home/wiktor/PycharmProjects/olxTEST/venv/lib/python3.10/site-packages/_pytest/runner.py&quot;, line 167, in pytest_runtest_call
    item.runtest()
  File &quot;/home/wiktor/PycharmProjects/olxTEST/venv/lib/python3.10/site-packages/_pytest/python.py&quot;, line 1789, in runtest
    self.ihook.pytest_pyfunc_call(pyfuncitem=self)
  File &quot;/home/wiktor/PycharmProjects/olxTEST/venv/lib/python3.10/site-packages/pluggy/_hooks.py&quot;, line 265, in __call__
    return self._hookexec(self.name, self.get_hookimpls(), kwargs, firstresult)
  File &quot;/home/wiktor/PycharmProjects/olxTEST/venv/lib/python3.10/site-packages/pluggy/_manager.py&quot;, line 80, in _hookexec
    return self._inner_hookexec(hook_name, methods, kwargs, firstresult)
  File &quot;/home/wiktor/PycharmProjects/olxTEST/venv/lib/python3.10/site-packages/pluggy/_callers.py&quot;, line 39, in _multicall
    res = hook_impl.function(*args)
  File &quot;/home/wiktor/PycharmProjects/olxTEST/venv/lib/python3.10/site-packages/_pytest/python.py&quot;, line 195, in pytest_pyfunc_call
    result = testfunction(**testargs)
  File &quot;/home/wiktor/PycharmProjects/olxTEST/tests/test_e2e.py&quot;, line 16, in test_e2e
    log.info(&quot;Getting checkout&quot;)
Message: &#x27;Getting checkout&#x27;
Arguments: ()
--- Logging error ---
Traceback (most recent call last):
  File &quot;/usr/lib/python3.10/logging/__init__.py&quot;, line 1100, in emit
    msg = self.format(record)
  File &quot;/usr/lib/python3.10/logging/__init__.py&quot;, line 943, in format
    return fmt.format(record)
  File &quot;/usr/lib/python3.10/logging/__init__.py&quot;, line 681, in format
    s = self.formatMessage(record)
  File &quot;/usr/lib/python3.10/logging/__init__.py&quot;, line 650, in formatMessage
    return self._style.format(record)
  File &quot;/usr/lib/python3.10/logging/__init__.py&quot;, line 440, in format
    return self._format(record)
  File &quot;/usr/lib/python3.10/logging/__init__.py&quot;, line 436, in _format
    return self._fmt % values
ValueError: unsupported format character &#x27;:&#x27; (0x3a) at index 11
Call stack:
  File &quot;/home/wiktor/PycharmProjects/olxTEST/venv/bin/py.test&quot;, line 8, in &lt;module&gt;
    sys.exit(console_main())
  File &quot;/home/wiktor/PycharmProjects/olxTEST/venv/lib/python3.10/site-packages/_pytest/config/__init__.py&quot;, line 190, in console_main
    code = main()
  File &quot;/home/wiktor/PycharmProjects/olxTEST/venv/lib/python3.10/site-packages/_pytest/config/__init__.py&quot;, line 167, in main
    ret: Union[ExitCode, int] = config.hook.pytest_cmdline_main(
  File &quot;/home/wiktor/PycharmProjects/olxTEST/venv/lib/python3.10/site-packages/pluggy/_hooks.py&quot;, line 265, in __call__
    return self._hookexec(self.name, self.get_hookimpls(), kwargs, firstresult)
  File &quot;/home/wiktor/PycharmProjects/olxTEST/venv/lib/python3.10/site-packages/pluggy/_manager.py&quot;, line 80, in _hookexec
    return self._inner_hookexec(hook_name, methods, kwargs, firstresult)
  File &quot;/home/wiktor/PycharmProjects/olxTEST/venv/lib/python3.10/site-packages/pluggy/_callers.py&quot;, line 39, in _multicall
    res = hook_impl.function(*args)
  File &quot;/home/wiktor/PycharmProjects/olxTEST/venv/lib/python3.10/site-packages/_pytest/main.py&quot;, line 317, in pytest_cmdline_main
    return wrap_session(config, _main)
  File &quot;/home/wiktor/PycharmProjects/olxTEST/venv/lib/python3.10/site-packages/_pytest/main.py&quot;, line 270, in wrap_session
    session.exitstatus = doit(config, session) or 0
  File &quot;/home/wiktor/PycharmProjects/olxTEST/venv/lib/python3.10/site-packages/_pytest/main.py&quot;, line 324, in _main
    config.hook.pytest_runtestloop(session=session)
  File &quot;/home/wiktor/PycharmProjects/olxTEST/venv/lib/python3.10/site-packages/pluggy/_hooks.py&quot;, line 265, in __call__
    return self._hookexec(self.name, self.get_hookimpls(), kwargs, firstresult)
  File &quot;/home/wiktor/PycharmProjects/olxTEST/venv/lib/python3.10/site-packages/pluggy/_manager.py&quot;, line 80, in _hookexec
    return self._inner_hookexec(hook_name, methods, kwargs, firstresult)
  File &quot;/home/wiktor/PycharmProjects/olxTEST/venv/lib/python3.10/site-packages/pluggy/_callers.py&quot;, line 39, in _multicall
    res = hook_impl.function(*args)
  File &quot;/home/wiktor/PycharmProjects/olxTEST/venv/lib/python3.10/site-packages/_pytest/main.py&quot;, line 349, in pytest_runtestloop
    item.config.hook.pytest_runtest_protocol(item=item, nextitem=nextitem)
  File &quot;/home/wiktor/PycharmProjects/olxTEST/venv/lib/python3.10/site-packages/pluggy/_hooks.py&quot;, line 265, in __call__
    return self._hookexec(self.name, self.get_hookimpls(), kwargs, firstresult)
  File &quot;/home/wiktor/PycharmProjects/olxTEST/venv/lib/python3.10/site-packages/pluggy/_manager.py&quot;, line 80, in _hookexec
    return self._inner_hookexec(hook_name, methods, kwargs, firstresult)
  File &quot;/home/wiktor/PycharmProjects/olxTEST/venv/lib/python3.10/site-packages/pluggy/_callers.py&quot;, line 39, in _multicall
    res = hook_impl.function(*args)
  File &quot;/home/wiktor/PycharmProjects/olxTEST/venv/lib/python3.10/site-packages/_pytest/runner.py&quot;, line 112, in pytest_runtest_protocol
    runtestprotocol(item, nextitem=nextitem)
  File &quot;/home/wiktor/PycharmProjects/olxTEST/venv/lib/python3.10/site-packages/_pytest/runner.py&quot;, line 131, in runtestprotocol
    reports.append(call_and_report(item, &quot;call&quot;, log))
  File &quot;/home/wiktor/PycharmProjects/olxTEST/venv/lib/python3.10/site-packages/_pytest/runner.py&quot;, line 220, in call_and_report
    call = call_runtest_hook(item, when, **kwds)
  File &quot;/home/wiktor/PycharmProjects/olxTEST/venv/lib/python3.10/site-packages/_pytest/runner.py&quot;, line 259, in call_runtest_hook
    return CallInfo.from_call(
  File &quot;/home/wiktor/PycharmProjects/olxTEST/venv/lib/python3.10/site-packages/_pytest/runner.py&quot;, line 339, in from_call
    result: Optional[TResult] = func()
  File &quot;/home/wiktor/PycharmProjects/olxTEST/venv/lib/python3.10/site-packages/_pytest/runner.py&quot;, line 260, in &lt;lambda&gt;
    lambda: ihook(item=item, **kwds), when=when, reraise=reraise
  File &quot;/home/wiktor/PycharmProjects/olxTEST/venv/lib/python3.10/site-packages/pluggy/_hooks.py&quot;, line 265, in __call__
    return self._hookexec(self.name, self.get_hookimpls(), kwargs, firstresult)
  File &quot;/home/wiktor/PycharmProjects/olxTEST/venv/lib/python3.10/site-packages/pluggy/_manager.py&quot;, line 80, in _hookexec
    return self._inner_hookexec(hook_name, methods, kwargs, firstresult)
  File &quot;/home/wiktor/PycharmProjects/olxTEST/venv/lib/python3.10/site-packages/pluggy/_callers.py&quot;, line 39, in _multicall
    res = hook_impl.function(*args)
  File &quot;/home/wiktor/PycharmProjects/olxTEST/venv/lib/python3.10/site-packages/_pytest/runner.py&quot;, line 167, in pytest_runtest_call
    item.runtest()
  File &quot;/home/wiktor/PycharmProjects/olxTEST/venv/lib/python3.10/site-packages/_pytest/python.py&quot;, line 1789, in runtest
    self.ihook.pytest_pyfunc_call(pyfuncitem=self)
  File &quot;/home/wiktor/PycharmProjects/olxTEST/venv/lib/python3.10/site-packages/pluggy/_hooks.py&quot;, line 265, in __call__
    return self._hookexec(self.name, self.get_hookimpls(), kwargs, firstresult)
  File &quot;/home/wiktor/PycharmProjects/olxTEST/venv/lib/python3.10/site-packages/pluggy/_manager.py&quot;, line 80, in _hookexec
    return self._inner_hookexec(hook_name, methods, kwargs, firstresult)
  File &quot;/home/wiktor/PycharmProjects/olxTEST/venv/lib/python3.10/site-packages/pluggy/_callers.py&quot;, line 39, in _multicall
    res = hook_impl.function(*args)
  File &quot;/home/wiktor/PycharmProjects/olxTEST/venv/lib/python3.10/site-packages/_pytest/python.py&quot;, line 195, in pytest_pyfunc_call
    result = testfunction(**testargs)
  File &quot;/home/wiktor/PycharmProjects/olxTEST/tests/test_e2e.py&quot;, line 23, in test_e2e
    log.info(&quot;Wejście w karty&quot;)
Message: &#x27;Wejście w karty&#x27;
Arguments: ()
--- Logging error ---
Traceback (most recent call last):
  File &quot;/usr/lib/python3.10/logging/__init__.py&quot;, line 1100, in emit
    msg = self.format(record)
  File &quot;/usr/lib/python3.10/logging/__init__.py&quot;, line 943, in format
    return fmt.format(record)
  File &quot;/usr/lib/python3.10/logging/__init__.py&quot;, line 681, in format
    s = self.formatMessage(record)
  File &quot;/usr/lib/python3.10/logging/__init__.py&quot;, line 650, in formatMessage
    return self._style.format(record)
  File &quot;/usr/lib/python3.10/logging/__init__.py&quot;, line 440, in format
    return self._format(record)
  File &quot;/usr/lib/python3.10/logging/__init__.py&quot;, line 436, in _format
    return self._fmt % values
ValueError: unsupported format character &#x27;:&#x27; (0x3a) at index 11
Call stack:
  File &quot;/home/wiktor/PycharmProjects/olxTEST/venv/bin/py.test&quot;, line 8, in &lt;module&gt;
    sys.exit(console_main())
  File &quot;/home/wiktor/PycharmProjects/olxTEST/venv/lib/python3.10/site-packages/_pytest/config/__init__.py&quot;, line 190, in console_main
    code = main()
  File &quot;/home/wiktor/PycharmProjects/olxTEST/venv/lib/python3.10/site-packages/_pytest/config/__init__.py&quot;, line 167, in main
    ret: Union[ExitCode, int] = config.hook.pytest_cmdline_main(
  File &quot;/home/wiktor/PycharmProjects/olxTEST/venv/lib/python3.10/site-packages/pluggy/_hooks.py&quot;, line 265, in __call__
    return self._hookexec(self.name, self.get_hookimpls(), kwargs, firstresult)
  File &quot;/home/wiktor/PycharmProjects/olxTEST/venv/lib/python3.10/site-packages/pluggy/_manager.py&quot;, line 80, in _hookexec
    return self._inner_hookexec(hook_name, methods, kwargs, firstresult)
  File &quot;/home/wiktor/PycharmProjects/olxTEST/venv/lib/python3.10/site-packages/pluggy/_callers.py&quot;, line 39, in _multicall
    res = hook_impl.function(*args)
  File &quot;/home/wiktor/PycharmProjects/olxTEST/venv/lib/python3.10/site-packages/_pytest/main.py&quot;, line 317, in pytest_cmdline_main
    return wrap_session(config, _main)
  File &quot;/home/wiktor/PycharmProjects/olxTEST/venv/lib/python3.10/site-packages/_pytest/main.py&quot;, line 270, in wrap_session
    session.exitstatus = doit(config, session) or 0
  File &quot;/home/wiktor/PycharmProjects/olxTEST/venv/lib/python3.10/site-packages/_pytest/main.py&quot;, line 324, in _main
    config.hook.pytest_runtestloop(session=session)
  File &quot;/home/wiktor/PycharmProjects/olxTEST/venv/lib/python3.10/site-packages/pluggy/_hooks.py&quot;, line 265, in __call__
    return self._hookexec(self.name, self.get_hookimpls(), kwargs, firstresult)
  File &quot;/home/wiktor/PycharmProjects/olxTEST/venv/lib/python3.10/site-packages/pluggy/_manager.py&quot;, line 80, in _hookexec
    return self._inner_hookexec(hook_name, methods, kwargs, firstresult)
  File &quot;/home/wiktor/PycharmProjects/olxTEST/venv/lib/python3.10/site-packages/pluggy/_callers.py&quot;, line 39, in _multicall
    res = hook_impl.function(*args)
  File &quot;/home/wiktor/PycharmProjects/olxTEST/venv/lib/python3.10/site-packages/_pytest/main.py&quot;, line 349, in pytest_runtestloop
    item.config.hook.pytest_runtest_protocol(item=item, nextitem=nextitem)
  File &quot;/home/wiktor/PycharmProjects/olxTEST/venv/lib/python3.10/site-packages/pluggy/_hooks.py&quot;, line 265, in __call__
    return self._hookexec(self.name, self.get_hookimpls(), kwargs, firstresult)
  File &quot;/home/wiktor/PycharmProjects/olxTEST/venv/lib/python3.10/site-packages/pluggy/_manager.py&quot;, line 80, in _hookexec
    return self._inner_hookexec(hook_name, methods, kwargs, firstresult)
  File &quot;/home/wiktor/PycharmProjects/olxTEST/venv/lib/python3.10/site-packages/pluggy/_callers.py&quot;, line 39, in _multicall
    res = hook_impl.function(*args)
  File &quot;/home/wiktor/PycharmProjects/olxTEST/venv/lib/python3.10/site-packages/_pytest/runner.py&quot;, line 112, in pytest_runtest_protocol
    runtestprotocol(item, nextitem=nextitem)
  File &quot;/home/wiktor/PycharmProjects/olxTEST/venv/lib/python3.10/site-packages/_pytest/runner.py&quot;, line 131, in runtestprotocol
    reports.append(call_and_report(item, &quot;call&quot;, log))
  File &quot;/home/wiktor/PycharmProjects/olxTEST/venv/lib/python3.10/site-packages/_pytest/runner.py&quot;, line 220, in call_and_report
    call = call_runtest_hook(item, when, **kwds)
  File &quot;/home/wiktor/PycharmProjects/olxTEST/venv/lib/python3.10/site-packages/_pytest/runner.py&quot;, line 259, in call_runtest_hook
    return CallInfo.from_call(
  File &quot;/home/wiktor/PycharmProjects/olxTEST/venv/lib/python3.10/site-packages/_pytest/runner.py&quot;, line 339, in from_call
    result: Optional[TResult] = func()
  File &quot;/home/wiktor/PycharmProjects/olxTEST/venv/lib/python3.10/site-packages/_pytest/runner.py&quot;, line 260, in &lt;lambda&gt;
    lambda: ihook(item=item, **kwds), when=when, reraise=reraise
  File &quot;/home/wiktor/PycharmProjects/olxTEST/venv/lib/python3.10/site-packages/pluggy/_hooks.py&quot;, line 265, in __call__
    return self._hookexec(self.name, self.get_hookimpls(), kwargs, firstresult)
  File &quot;/home/wiktor/PycharmProjects/olxTEST/venv/lib/python3.10/site-packages/pluggy/_manager.py&quot;, line 80, in _hookexec
    return self._inner_hookexec(hook_name, methods, kwargs, firstresult)
  File &quot;/home/wiktor/PycharmProjects/olxTEST/venv/lib/python3.10/site-packages/pluggy/_callers.py&quot;, line 39, in _multicall
    res = hook_impl.function(*args)
  File &quot;/home/wiktor/PycharmProjects/olxTEST/venv/lib/python3.10/site-packages/_pytest/runner.py&quot;, line 167, in pytest_runtest_call
    item.runtest()
  File &quot;/home/wiktor/PycharmProjects/olxTEST/venv/lib/python3.10/site-packages/_pytest/python.py&quot;, line 1789, in runtest
    self.ihook.pytest_pyfunc_call(pyfuncitem=self)
  File &quot;/home/wiktor/PycharmProjects/olxTEST/venv/lib/python3.10/site-packages/pluggy/_hooks.py&quot;, line 265, in __call__
    return self._hookexec(self.name, self.get_hookimpls(), kwargs, firstresult)
  File &quot;/home/wiktor/PycharmProjects/olxTEST/venv/lib/python3.10/site-packages/pluggy/_manager.py&quot;, line 80, in _hookexec
    return self._inner_hookexec(hook_name, methods, kwargs, firstresult)
  File &quot;/home/wiktor/PycharmProjects/olxTEST/venv/lib/python3.10/site-packages/pluggy/_callers.py&quot;, line 39, in _multicall
    res = hook_impl.function(*args)
  File &quot;/home/wiktor/PycharmProjects/olxTEST/venv/lib/python3.10/site-packages/_pytest/python.py&quot;, line 195, in pytest_pyfunc_call
    result = testfunction(**testargs)
  File &quot;/home/wiktor/PycharmProjects/olxTEST/tests/test_e2e.py&quot;, line 24, in test_e2e
    log.info(cards[0])
Message: &lt;selenium.webdriver.remote.webelement.WebElement (session=&quot;049dce42150c8a7b0c8d07742c6a64db&quot;, element=&quot;7fcd6052-bcd8-406e-b74a-8bd45034a211&quot;)&gt;
Arguments: ()
--- Logging error ---
Traceback (most recent call last):
  File &quot;/usr/lib/python3.10/logging/__init__.py&quot;, line 1100, in emit
    msg = self.format(record)
  File &quot;/usr/lib/python3.10/logging/__init__.py&quot;, line 943, in format
    return fmt.format(record)
  File &quot;/usr/lib/python3.10/logging/__init__.py&quot;, line 681, in format
    s = self.formatMessage(record)
  File &quot;/usr/lib/python3.10/logging/__init__.py&quot;, line 650, in formatMessage
    return self._style.format(record)
  File &quot;/usr/lib/python3.10/logging/__init__.py&quot;, line 440, in format
    return self._format(record)
  File &quot;/usr/lib/python3.10/logging/__init__.py&quot;, line 436, in _format
    return self._fmt % values
ValueError: unsupported format character &#x27;:&#x27; (0x3a) at index 11
Call stack:
  File &quot;/home/wiktor/PycharmProjects/olxTEST/venv/bin/py.test&quot;, line 8, in &lt;module&gt;
    sys.exit(console_main())
  File &quot;/home/wiktor/PycharmProjects/olxTEST/venv/lib/python3.10/site-packages/_pytest/config/__init__.py&quot;, line 190, in console_main
    code = main()
  File &quot;/home/wiktor/PycharmProjects/olxTEST/venv/lib/python3.10/site-packages/_pytest/config/__init__.py&quot;, line 167, in main
    ret: Union[ExitCode, int] = config.hook.pytest_cmdline_main(
  File &quot;/home/wiktor/PycharmProjects/olxTEST/venv/lib/python3.10/site-packages/pluggy/_hooks.py&quot;, line 265, in __call__
    return self._hookexec(self.name, self.get_hookimpls(), kwargs, firstresult)
  File &quot;/home/wiktor/PycharmProjects/olxTEST/venv/lib/python3.10/site-packages/pluggy/_manager.py&quot;, line 80, in _hookexec
    return self._inner_hookexec(hook_name, methods, kwargs, firstresult)
  File &quot;/home/wiktor/PycharmProjects/olxTEST/venv/lib/python3.10/site-packages/pluggy/_callers.py&quot;, line 39, in _multicall
    res = hook_impl.function(*args)
  File &quot;/home/wiktor/PycharmProjects/olxTEST/venv/lib/python3.10/site-packages/_pytest/main.py&quot;, line 317, in pytest_cmdline_main
    return wrap_session(config, _main)
  File &quot;/home/wiktor/PycharmProjects/olxTEST/venv/lib/python3.10/site-packages/_pytest/main.py&quot;, line 270, in wrap_session
    session.exitstatus = doit(config, session) or 0
  File &quot;/home/wiktor/PycharmProjects/olxTEST/venv/lib/python3.10/site-packages/_pytest/main.py&quot;, line 324, in _main
    config.hook.pytest_runtestloop(session=session)
  File &quot;/home/wiktor/PycharmProjects/olxTEST/venv/lib/python3.10/site-packages/pluggy/_hooks.py&quot;, line 265, in __call__
    return self._hookexec(self.name, self.get_hookimpls(), kwargs, firstresult)
  File &quot;/home/wiktor/PycharmProjects/olxTEST/venv/lib/python3.10/site-packages/pluggy/_manager.py&quot;, line 80, in _hookexec
    return self._inner_hookexec(hook_name, methods, kwargs, firstresult)
  File &quot;/home/wiktor/PycharmProjects/olxTEST/venv/lib/python3.10/site-packages/pluggy/_callers.py&quot;, line 39, in _multicall
    res = hook_impl.function(*args)
  File &quot;/home/wiktor/PycharmProjects/olxTEST/venv/lib/python3.10/site-packages/_pytest/main.py&quot;, line 349, in pytest_runtestloop
    item.config.hook.pytest_runtest_protocol(item=item, nextitem=nextitem)
  File &quot;/home/wiktor/PycharmProjects/olxTEST/venv/lib/python3.10/site-packages/pluggy/_hooks.py&quot;, line 265, in __call__
    return self._hookexec(self.name, self.get_hookimpls(), kwargs, firstresult)
  File &quot;/home/wiktor/PycharmProjects/olxTEST/venv/lib/python3.10/site-packages/pluggy/_manager.py&quot;, line 80, in _hookexec
    return self._inner_hookexec(hook_name, methods, kwargs, firstresult)
  File &quot;/home/wiktor/PycharmProjects/olxTEST/venv/lib/python3.10/site-packages/pluggy/_callers.py&quot;, line 39, in _multicall
    res = hook_impl.function(*args)
  File &quot;/home/wiktor/PycharmProjects/olxTEST/venv/lib/python3.10/site-packages/_pytest/runner.py&quot;, line 112, in pytest_runtest_protocol
    runtestprotocol(item, nextitem=nextitem)
  File &quot;/home/wiktor/PycharmProjects/olxTEST/venv/lib/python3.10/site-packages/_pytest/runner.py&quot;, line 131, in runtestprotocol
    reports.append(call_and_report(item, &quot;call&quot;, log))
  File &quot;/home/wiktor/PycharmProjects/olxTEST/venv/lib/python3.10/site-packages/_pytest/runner.py&quot;, line 220, in call_and_report
    call = call_runtest_hook(item, when, **kwds)
  File &quot;/home/wiktor/PycharmProjects/olxTEST/venv/lib/python3.10/site-packages/_pytest/runner.py&quot;, line 259, in call_runtest_hook
    return CallInfo.from_call(
  File &quot;/home/wiktor/PycharmProjects/olxTEST/venv/lib/python3.10/site-packages/_pytest/runner.py&quot;, line 339, in from_call
    result: Optional[TResult] = func()
  File &quot;/home/wiktor/PycharmProjects/olxTEST/venv/lib/python3.10/site-packages/_pytest/runner.py&quot;, line 260, in &lt;lambda&gt;
    lambda: ihook(item=item, **kwds), when=when, reraise=reraise
  File &quot;/home/wiktor/PycharmProjects/olxTEST/venv/lib/python3.10/site-packages/pluggy/_hooks.py&quot;, line 265, in __call__
    return self._hookexec(self.name, self.get_hookimpls(), kwargs, firstresult)
  File &quot;/home/wiktor/PycharmProjects/olxTEST/venv/lib/python3.10/site-packages/pluggy/_manager.py&quot;, line 80, in _hookexec
    return self._inner_hookexec(hook_name, methods, kwargs, firstresult)
  File &quot;/home/wiktor/PycharmProjects/olxTEST/venv/lib/python3.10/site-packages/pluggy/_callers.py&quot;, line 39, in _multicall
    res = hook_impl.function(*args)
  File &quot;/home/wiktor/PycharmProjects/olxTEST/venv/lib/python3.10/site-packages/_pytest/runner.py&quot;, line 167, in pytest_runtest_call
    item.runtest()
  File &quot;/home/wiktor/PycharmProjects/olxTEST/venv/lib/python3.10/site-packages/_pytest/python.py&quot;, line 1789, in runtest
    self.ihook.pytest_pyfunc_call(pyfuncitem=self)
  File &quot;/home/wiktor/PycharmProjects/olxTEST/venv/lib/python3.10/site-packages/pluggy/_hooks.py&quot;, line 265, in __call__
    return self._hookexec(self.name, self.get_hookimpls(), kwargs, firstresult)
  File &quot;/home/wiktor/PycharmProjects/olxTEST/venv/lib/python3.10/site-packages/pluggy/_manager.py&quot;, line 80, in _hookexec
    return self._inner_hookexec(hook_name, methods, kwargs, firstresult)
  File &quot;/home/wiktor/PycharmProjects/olxTEST/venv/lib/python3.10/site-packages/pluggy/_callers.py&quot;, line 39, in _multicall
    res = hook_impl.function(*args)
  File &quot;/home/wiktor/PycharmProjects/olxTEST/venv/lib/python3.10/site-packages/_pytest/python.py&quot;, line 195, in pytest_pyfunc_call
    result = testfunction(**testargs)
  File &quot;/home/wiktor/PycharmProjects/olxTEST/tests/test_e2e.py&quot;, line 29, in test_e2e
    log.info(&quot;Wejście w checkout&quot;)
Message: &#x27;Wejście w checkout&#x27;
Arguments: ()
<br/> -------------------------------Captured log call-------------------------------- <br/>INFO     test_e2e:test_e2e.py:14 Getting all product cards
INFO     test_e2e:test_e2e.py:16 Getting checkout
INFO     test_e2e:test_e2e.py:23 Wejście w karty
INFO     test_e2e:test_e2e.py:24 &lt;selenium.webdriver.remote.webelement.WebElement (session=&quot;049dce42150c8a7b0c8d07742c6a64db&quot;, element=&quot;7fcd6052-bcd8-406e-b74a-8bd45034a211&quot;)&gt;
INFO     test_e2e:test_e2e.py:29 Wejście w checkout<br/></div></td></tr></tbody></table></body></html>